[debug] [2024-11-25T15:44:46.544Z] ----------------------------------------------------------------------
[debug] [2024-11-25T15:44:46.546Z] Command:       C:\Program Files\nodejs\node.exe C:\Users\Lenovo\AppData\Roaming\npm\node_modules\firebase-tools\lib\bin\firebase.js init
[debug] [2024-11-25T15:44:46.546Z] CLI Version:   13.27.0
[debug] [2024-11-25T15:44:46.546Z] Platform:      win32
[debug] [2024-11-25T15:44:46.546Z] Node Version:  v20.18.0
[debug] [2024-11-25T15:44:46.547Z] Time:          Mon Nov 25 2024 16:44:46 GMT+0100 (GMT+01:00)
[debug] [2024-11-25T15:44:46.547Z] ----------------------------------------------------------------------
[debug] 
[debug] [2024-11-25T15:44:46.555Z] > command requires scopes: ["email","openid","https://www.googleapis.com/auth/cloudplatformprojects.readonly","https://www.googleapis.com/auth/firebase","https://www.googleapis.com/auth/cloud-platform"]
[debug] [2024-11-25T15:44:46.555Z] > authorizing via signed-in user (malek.dinari@ensi-uma.tn)
[info] 
     ######## #### ########  ######## ########     ###     ######  ########
     ##        ##  ##     ## ##       ##     ##  ##   ##  ##       ##
     ######    ##  ########  ######   ########  #########  ######  ######
     ##        ##  ##    ##  ##       ##     ## ##     ##       ## ##
     ##       #### ##     ## ######## ########  ##     ##  ######  ########

You're about to initialize a Firebase project in this directory:

  C:\Users\Lenovo\Desktop\programming\TASKS-&-PROJECTS-2024-25\portfolio\malek-portfolio

[info] 
=== Project Setup
[info] 
[info] First, let's associate this project directory with a Firebase project.
[info] You can create multiple project aliases by running firebase use --add, 
[info] but for now we'll just set up a default project.
[info] 
